2024-05-17 15:19:41.045 [info] Extension host with pid 284 started
2024-05-17 15:19:41.069 [info] Lock '/home/mpanaiotti/.vscode-server/data/User/workspaceStorage/792b8c4205740985a16783d131798dba/vscode.lock': Lock acquired.
2024-05-17 15:19:41.099 [info] ExtensionService#_doActivateExtension vscode.git-base, startup: true, activationEvent: '*'
2024-05-17 15:19:41.136 [info] ExtensionService#_doActivateExtension vscode.github, startup: true, activationEvent: '*'
2024-05-17 15:19:41.266 [info] Eager extensions activated
2024-05-17 15:19:41.267 [info] ExtensionService#_doActivateExtension vscode.debug-auto-launch, startup: false, activationEvent: 'onStartupFinished'
2024-05-17 15:19:41.268 [info] ExtensionService#_doActivateExtension vscode.merge-conflict, startup: false, activationEvent: 'onStartupFinished'
2024-05-17 15:19:51.968 [info] ExtensionService#_doActivateExtension vscode.git, startup: false, activationEvent: 'api', root cause: vscode.github
2024-05-17 15:20:02.372 [warning] [Decorations] CAPPING events from decorations provider vscode.git 1163
2024-05-17 15:20:02.604 [warning] [Decorations] CAPPING events from decorations provider vscode.git 1163
2024-05-17 15:20:04.028 [info] ExtensionService#_doActivateExtension vscode.css-language-features, startup: false, activationEvent: 'onLanguage:css'
2024-05-17 15:20:04.029 [info] ExtensionService#_doActivateExtension vscode.emmet, startup: false, activationEvent: 'onLanguage'
2024-05-17 15:20:06.231 [warning] [Decorations] CAPPING events from decorations provider vscode.git 1163
2024-05-17 15:20:15.632 [warning] [Decorations] CAPPING events from decorations provider vscode.git 1163
2024-05-17 15:20:20.675 [warning] [Decorations] CAPPING events from decorations provider vscode.git 1163
2024-05-17 15:21:29.166 [warning] [Decorations] CAPPING events from decorations provider vscode.git 1163
2024-05-17 15:21:34.217 [warning] [Decorations] CAPPING events from decorations provider vscode.git 1163
2024-05-17 15:21:39.267 [warning] [Decorations] CAPPING events from decorations provider vscode.git 1163
2024-05-17 15:21:44.314 [warning] [Decorations] CAPPING events from decorations provider vscode.git 1163
2024-05-17 15:21:49.364 [warning] [Decorations] CAPPING events from decorations provider vscode.git 1163
2024-05-17 15:21:54.443 [warning] [Decorations] CAPPING events from decorations provider vscode.git 1163
2024-05-17 15:21:59.495 [warning] [Decorations] CAPPING events from decorations provider vscode.git 1163
2024-05-17 15:22:05.981 [warning] [Decorations] CAPPING events from decorations provider vscode.git 1163
2024-05-17 15:22:12.948 [info] ExtensionService#_doActivateExtension vscode.typescript-language-features, startup: false, activationEvent: 'onLanguage:javascript'
2024-05-17 15:23:23.555 [info] Extension host terminating: received terminate message from renderer
2024-05-17 15:23:23.556 [info] Lock '/home/mpanaiotti/.vscode-server/data/User/workspaceStorage/792b8c4205740985a16783d131798dba/vscode.lock': Marking the lockfile as scheduled to be released in 6000 ms.
2024-05-17 15:23:23.639 [error] Canceled: Canceled
	at new O (/home/mpanaiotti/.vscode-server/bin/dc96b837cf6bb4af9cd736aa3af08cf8279f7685/out/vs/workbench/api/node/extensionHostProcess.js:145:47131)
	at c.U (/home/mpanaiotti/.vscode-server/bin/dc96b837cf6bb4af9cd736aa3af08cf8279f7685/out/vs/workbench/api/node/extensionHostProcess.js:152:5542)
	at F.<computed>.z.charCodeAt.F.<computed> (/home/mpanaiotti/.vscode-server/bin/dc96b837cf6bb4af9cd736aa3af08cf8279f7685/out/vs/workbench/api/node/extensionHostProcess.js:152:2993)
	at r.g (/home/mpanaiotti/.vscode-server/bin/dc96b837cf6bb4af9cd736aa3af08cf8279f7685/out/vs/workbench/api/node/extensionHostProcess.js:155:188928)
	at r.executeCommand (/home/mpanaiotti/.vscode-server/bin/dc96b837cf6bb4af9cd736aa3af08cf8279f7685/out/vs/workbench/api/node/extensionHostProcess.js:155:188366)
	at E.registerCommand.description (/home/mpanaiotti/.vscode-server/bin/dc96b837cf6bb4af9cd736aa3af08cf8279f7685/out/vs/workbench/api/node/extensionHostProcess.js:155:187690)
	at r.h (/home/mpanaiotti/.vscode-server/bin/dc96b837cf6bb4af9cd736aa3af08cf8279f7685/out/vs/workbench/api/node/extensionHostProcess.js:155:189467)
	at r.g (/home/mpanaiotti/.vscode-server/bin/dc96b837cf6bb4af9cd736aa3af08cf8279f7685/out/vs/workbench/api/node/extensionHostProcess.js:155:188459)
	at r.executeCommand (/home/mpanaiotti/.vscode-server/bin/dc96b837cf6bb4af9cd736aa3af08cf8279f7685/out/vs/workbench/api/node/extensionHostProcess.js:155:188366)
	at Object.executeCommand (/home/mpanaiotti/.vscode-server/bin/dc96b837cf6bb4af9cd736aa3af08cf8279f7685/out/vs/workbench/api/node/extensionHostProcess.js:165:22673)
	at a.O [as value] (/home/mpanaiotti/.vscode-server/bin/dc96b837cf6bb4af9cd736aa3af08cf8279f7685/extensions/git/dist/main.js:2:945138)
	at o.y (/home/mpanaiotti/.vscode-server/bin/dc96b837cf6bb4af9cd736aa3af08cf8279f7685/out/vs/workbench/api/node/extensionHostProcess.js:82:660)
	at o.z (/home/mpanaiotti/.vscode-server/bin/dc96b837cf6bb4af9cd736aa3af08cf8279f7685/out/vs/workbench/api/node/extensionHostProcess.js:82:730)
	at o.fire (/home/mpanaiotti/.vscode-server/bin/dc96b837cf6bb4af9cd736aa3af08cf8279f7685/out/vs/workbench/api/node/extensionHostProcess.js:82:946)
	at Object.p [as dispose] (/home/mpanaiotti/.vscode-server/bin/dc96b837cf6bb4af9cd736aa3af08cf8279f7685/extensions/git/dist/main.js:2:964222)
	at /home/mpanaiotti/.vscode-server/bin/dc96b837cf6bb4af9cd736aa3af08cf8279f7685/extensions/git/dist/main.js:2:970260
	at Array.forEach (<anonymous>)
	at f.dispose (/home/mpanaiotti/.vscode-server/bin/dc96b837cf6bb4af9cd736aa3af08cf8279f7685/extensions/git/dist/main.js:2:970246)
	at h.<anonymous> (/home/mpanaiotti/.vscode-server/bin/dc96b837cf6bb4af9cd736aa3af08cf8279f7685/out/vs/workbench/api/node/extensionHostProcess.js:153:3955)
	at h.dispose (/home/mpanaiotti/.vscode-server/bin/dc96b837cf6bb4af9cd736aa3af08cf8279f7685/out/vs/workbench/api/node/extensionHostProcess.js:153:4052)
	at h.<anonymous> (/home/mpanaiotti/.vscode-server/bin/dc96b837cf6bb4af9cd736aa3af08cf8279f7685/extensions/git/dist/main.js:2:947395)
	at h.dispose (/home/mpanaiotti/.vscode-server/bin/dc96b837cf6bb4af9cd736aa3af08cf8279f7685/out/vs/workbench/api/node/extensionHostProcess.js:153:4052)
	at a (/home/mpanaiotti/.vscode-server/bin/dc96b837cf6bb4af9cd736aa3af08cf8279f7685/out/vs/workbench/api/node/extensionHostProcess.js:30:744)
	at f.eb (/home/mpanaiotti/.vscode-server/bin/dc96b837cf6bb4af9cd736aa3af08cf8279f7685/out/vs/workbench/api/node/extensionHostProcess.js:161:9975)
	at /home/mpanaiotti/.vscode-server/bin/dc96b837cf6bb4af9cd736aa3af08cf8279f7685/out/vs/workbench/api/node/extensionHostProcess.js:161:7824
	at Array.map (<anonymous>)
	at f.$ (/home/mpanaiotti/.vscode-server/bin/dc96b837cf6bb4af9cd736aa3af08cf8279f7685/out/vs/workbench/api/node/extensionHostProcess.js:161:7811)
	at f.terminate (/home/mpanaiotti/.vscode-server/bin/dc96b837cf6bb4af9cd736aa3af08cf8279f7685/out/vs/workbench/api/node/extensionHostProcess.js:161:8085)
	at a.terminate (/home/mpanaiotti/.vscode-server/bin/dc96b837cf6bb4af9cd736aa3af08cf8279f7685/out/vs/workbench/api/node/extensionHostProcess.js:165:1513)
	at t (/home/mpanaiotti/.vscode-server/bin/dc96b837cf6bb4af9cd736aa3af08cf8279f7685/out/vs/workbench/api/node/extensionHostProcess.js:178:9922)
	at a.value (/home/mpanaiotti/.vscode-server/bin/dc96b837cf6bb4af9cd736aa3af08cf8279f7685/out/vs/workbench/api/node/extensionHostProcess.js:178:7969)
	at o.y (/home/mpanaiotti/.vscode-server/bin/dc96b837cf6bb4af9cd736aa3af08cf8279f7685/out/vs/workbench/api/node/extensionHostProcess.js:82:660)
	at o.fire (/home/mpanaiotti/.vscode-server/bin/dc96b837cf6bb4af9cd736aa3af08cf8279f7685/out/vs/workbench/api/node/extensionHostProcess.js:82:877)
	at l.fire (/home/mpanaiotti/.vscode-server/bin/dc96b837cf6bb4af9cd736aa3af08cf8279f7685/out/vs/workbench/api/node/extensionHostProcess.js:107:14175)
	at r.z (/home/mpanaiotti/.vscode-server/bin/dc96b837cf6bb4af9cd736aa3af08cf8279f7685/out/vs/workbench/api/node/extensionHostProcess.js:107:17240)
	at a.value (/home/mpanaiotti/.vscode-server/bin/dc96b837cf6bb4af9cd736aa3af08cf8279f7685/out/vs/workbench/api/node/extensionHostProcess.js:107:15692)
	at o.y (/home/mpanaiotti/.vscode-server/bin/dc96b837cf6bb4af9cd736aa3af08cf8279f7685/out/vs/workbench/api/node/extensionHostProcess.js:82:660)
	at o.fire (/home/mpanaiotti/.vscode-server/bin/dc96b837cf6bb4af9cd736aa3af08cf8279f7685/out/vs/workbench/api/node/extensionHostProcess.js:82:877)
	at f.acceptChunk (/home/mpanaiotti/.vscode-server/bin/dc96b837cf6bb4af9cd736aa3af08cf8279f7685/out/vs/workbench/api/node/extensionHostProcess.js:107:11949)
	at a.value (/home/mpanaiotti/.vscode-server/bin/dc96b837cf6bb4af9cd736aa3af08cf8279f7685/out/vs/workbench/api/node/extensionHostProcess.js:107:11236)
	at o.y (/home/mpanaiotti/.vscode-server/bin/dc96b837cf6bb4af9cd736aa3af08cf8279f7685/out/vs/workbench/api/node/extensionHostProcess.js:82:660)
	at o.fire (/home/mpanaiotti/.vscode-server/bin/dc96b837cf6bb4af9cd736aa3af08cf8279f7685/out/vs/workbench/api/node/extensionHostProcess.js:82:877)
	at i.z (/home/mpanaiotti/.vscode-server/bin/dc96b837cf6bb4af9cd736aa3af08cf8279f7685/out/vs/workbench/api/node/extensionHostProcess.js:175:19732)
	at i.acceptFrame (/home/mpanaiotti/.vscode-server/bin/dc96b837cf6bb4af9cd736aa3af08cf8279f7685/out/vs/workbench/api/node/extensionHostProcess.js:175:19538)
	at n (/home/mpanaiotti/.vscode-server/bin/dc96b837cf6bb4af9cd736aa3af08cf8279f7685/out/vs/workbench/api/node/extensionHostProcess.js:175:18037)
	at /home/mpanaiotti/.vscode-server/bin/dc96b837cf6bb4af9cd736aa3af08cf8279f7685/out/vs/workbench/api/node/extensionHostProcess.js:175:15257
	at Socket.S (/home/mpanaiotti/.vscode-server/bin/dc96b837cf6bb4af9cd736aa3af08cf8279f7685/out/vs/workbench/api/node/extensionHostProcess.js:175:13162)
	at Socket.emit (node:events:517:28)
	at addChunk (node:internal/streams/readable:335:12)
	at readableAddChunk (node:internal/streams/readable:308:9)
	at Readable.push (node:internal/streams/readable:245:10)
	at TCP.onStreamRead (node:internal/stream_base_commons:190:23) setContext undefined
2024-05-17 15:23:23.640 [error] Canceled: Canceled
	at new O (/home/mpanaiotti/.vscode-server/bin/dc96b837cf6bb4af9cd736aa3af08cf8279f7685/out/vs/workbench/api/node/extensionHostProcess.js:145:47131)
	at c.U (/home/mpanaiotti/.vscode-server/bin/dc96b837cf6bb4af9cd736aa3af08cf8279f7685/out/vs/workbench/api/node/extensionHostProcess.js:152:5542)
	at F.<computed>.z.charCodeAt.F.<computed> (/home/mpanaiotti/.vscode-server/bin/dc96b837cf6bb4af9cd736aa3af08cf8279f7685/out/vs/workbench/api/node/extensionHostProcess.js:152:2993)
	at r.g (/home/mpanaiotti/.vscode-server/bin/dc96b837cf6bb4af9cd736aa3af08cf8279f7685/out/vs/workbench/api/node/extensionHostProcess.js:155:188928)
	at r.executeCommand (/home/mpanaiotti/.vscode-server/bin/dc96b837cf6bb4af9cd736aa3af08cf8279f7685/out/vs/workbench/api/node/extensionHostProcess.js:155:188366)
	at E.registerCommand.description (/home/mpanaiotti/.vscode-server/bin/dc96b837cf6bb4af9cd736aa3af08cf8279f7685/out/vs/workbench/api/node/extensionHostProcess.js:155:187690)
	at r.h (/home/mpanaiotti/.vscode-server/bin/dc96b837cf6bb4af9cd736aa3af08cf8279f7685/out/vs/workbench/api/node/extensionHostProcess.js:155:189467)
	at r.g (/home/mpanaiotti/.vscode-server/bin/dc96b837cf6bb4af9cd736aa3af08cf8279f7685/out/vs/workbench/api/node/extensionHostProcess.js:155:188459)
	at r.executeCommand (/home/mpanaiotti/.vscode-server/bin/dc96b837cf6bb4af9cd736aa3af08cf8279f7685/out/vs/workbench/api/node/extensionHostProcess.js:155:188366)
	at Object.executeCommand (/home/mpanaiotti/.vscode-server/bin/dc96b837cf6bb4af9cd736aa3af08cf8279f7685/out/vs/workbench/api/node/extensionHostProcess.js:165:22673)
	at set hasGitHubRepositories [as hasGitHubRepositories] (/home/mpanaiotti/.vscode-server/bin/dc96b837cf6bb4af9cd736aa3af08cf8279f7685/extensions/github/dist/extension.js:2:322969)
	at /home/mpanaiotti/.vscode-server/bin/dc96b837cf6bb4af9cd736aa3af08cf8279f7685/extensions/github/dist/extension.js:2:323928
	at a.value (/home/mpanaiotti/.vscode-server/bin/dc96b837cf6bb4af9cd736aa3af08cf8279f7685/extensions/git/dist/main.js:2:1050711)
	at o.y (/home/mpanaiotti/.vscode-server/bin/dc96b837cf6bb4af9cd736aa3af08cf8279f7685/out/vs/workbench/api/node/extensionHostProcess.js:82:660)
	at o.z (/home/mpanaiotti/.vscode-server/bin/dc96b837cf6bb4af9cd736aa3af08cf8279f7685/out/vs/workbench/api/node/extensionHostProcess.js:82:730)
	at o.fire (/home/mpanaiotti/.vscode-server/bin/dc96b837cf6bb4af9cd736aa3af08cf8279f7685/out/vs/workbench/api/node/extensionHostProcess.js:82:946)
	at Object.p [as dispose] (/home/mpanaiotti/.vscode-server/bin/dc96b837cf6bb4af9cd736aa3af08cf8279f7685/extensions/git/dist/main.js:2:964222)
	at /home/mpanaiotti/.vscode-server/bin/dc96b837cf6bb4af9cd736aa3af08cf8279f7685/extensions/git/dist/main.js:2:970260
	at Array.forEach (<anonymous>)
	at f.dispose (/home/mpanaiotti/.vscode-server/bin/dc96b837cf6bb4af9cd736aa3af08cf8279f7685/extensions/git/dist/main.js:2:970246)
	at h.<anonymous> (/home/mpanaiotti/.vscode-server/bin/dc96b837cf6bb4af9cd736aa3af08cf8279f7685/out/vs/workbench/api/node/extensionHostProcess.js:153:3955)
	at h.dispose (/home/mpanaiotti/.vscode-server/bin/dc96b837cf6bb4af9cd736aa3af08cf8279f7685/out/vs/workbench/api/node/extensionHostProcess.js:153:4052)
	at h.<anonymous> (/home/mpanaiotti/.vscode-server/bin/dc96b837cf6bb4af9cd736aa3af08cf8279f7685/extensions/git/dist/main.js:2:947395)
	at h.dispose (/home/mpanaiotti/.vscode-server/bin/dc96b837cf6bb4af9cd736aa3af08cf8279f7685/out/vs/workbench/api/node/extensionHostProcess.js:153:4052)
	at a (/home/mpanaiotti/.vscode-server/bin/dc96b837cf6bb4af9cd736aa3af08cf8279f7685/out/vs/workbench/api/node/extensionHostProcess.js:30:744)
	at f.eb (/home/mpanaiotti/.vscode-server/bin/dc96b837cf6bb4af9cd736aa3af08cf8279f7685/out/vs/workbench/api/node/extensionHostProcess.js:161:9975)
	at /home/mpanaiotti/.vscode-server/bin/dc96b837cf6bb4af9cd736aa3af08cf8279f7685/out/vs/workbench/api/node/extensionHostProcess.js:161:7824
	at Array.map (<anonymous>)
	at f.$ (/home/mpanaiotti/.vscode-server/bin/dc96b837cf6bb4af9cd736aa3af08cf8279f7685/out/vs/workbench/api/node/extensionHostProcess.js:161:7811)
	at f.terminate (/home/mpanaiotti/.vscode-server/bin/dc96b837cf6bb4af9cd736aa3af08cf8279f7685/out/vs/workbench/api/node/extensionHostProcess.js:161:8085)
	at a.terminate (/home/mpanaiotti/.vscode-server/bin/dc96b837cf6bb4af9cd736aa3af08cf8279f7685/out/vs/workbench/api/node/extensionHostProcess.js:165:1513)
	at t (/home/mpanaiotti/.vscode-server/bin/dc96b837cf6bb4af9cd736aa3af08cf8279f7685/out/vs/workbench/api/node/extensionHostProcess.js:178:9922)
	at a.value (/home/mpanaiotti/.vscode-server/bin/dc96b837cf6bb4af9cd736aa3af08cf8279f7685/out/vs/workbench/api/node/extensionHostProcess.js:178:7969)
	at o.y (/home/mpanaiotti/.vscode-server/bin/dc96b837cf6bb4af9cd736aa3af08cf8279f7685/out/vs/workbench/api/node/extensionHostProcess.js:82:660)
	at o.fire (/home/mpanaiotti/.vscode-server/bin/dc96b837cf6bb4af9cd736aa3af08cf8279f7685/out/vs/workbench/api/node/extensionHostProcess.js:82:877)
	at l.fire (/home/mpanaiotti/.vscode-server/bin/dc96b837cf6bb4af9cd736aa3af08cf8279f7685/out/vs/workbench/api/node/extensionHostProcess.js:107:14175)
	at r.z (/home/mpanaiotti/.vscode-server/bin/dc96b837cf6bb4af9cd736aa3af08cf8279f7685/out/vs/workbench/api/node/extensionHostProcess.js:107:17240)
	at a.value (/home/mpanaiotti/.vscode-server/bin/dc96b837cf6bb4af9cd736aa3af08cf8279f7685/out/vs/workbench/api/node/extensionHostProcess.js:107:15692)
	at o.y (/home/mpanaiotti/.vscode-server/bin/dc96b837cf6bb4af9cd736aa3af08cf8279f7685/out/vs/workbench/api/node/extensionHostProcess.js:82:660)
	at o.fire (/home/mpanaiotti/.vscode-server/bin/dc96b837cf6bb4af9cd736aa3af08cf8279f7685/out/vs/workbench/api/node/extensionHostProcess.js:82:877)
	at f.acceptChunk (/home/mpanaiotti/.vscode-server/bin/dc96b837cf6bb4af9cd736aa3af08cf8279f7685/out/vs/workbench/api/node/extensionHostProcess.js:107:11949)
	at a.value (/home/mpanaiotti/.vscode-server/bin/dc96b837cf6bb4af9cd736aa3af08cf8279f7685/out/vs/workbench/api/node/extensionHostProcess.js:107:11236)
	at o.y (/home/mpanaiotti/.vscode-server/bin/dc96b837cf6bb4af9cd736aa3af08cf8279f7685/out/vs/workbench/api/node/extensionHostProcess.js:82:660)
	at o.fire (/home/mpanaiotti/.vscode-server/bin/dc96b837cf6bb4af9cd736aa3af08cf8279f7685/out/vs/workbench/api/node/extensionHostProcess.js:82:877)
	at i.z (/home/mpanaiotti/.vscode-server/bin/dc96b837cf6bb4af9cd736aa3af08cf8279f7685/out/vs/workbench/api/node/extensionHostProcess.js:175:19732)
	at i.acceptFrame (/home/mpanaiotti/.vscode-server/bin/dc96b837cf6bb4af9cd736aa3af08cf8279f7685/out/vs/workbench/api/node/extensionHostProcess.js:175:19538)
	at n (/home/mpanaiotti/.vscode-server/bin/dc96b837cf6bb4af9cd736aa3af08cf8279f7685/out/vs/workbench/api/node/extensionHostProcess.js:175:18037)
	at /home/mpanaiotti/.vscode-server/bin/dc96b837cf6bb4af9cd736aa3af08cf8279f7685/out/vs/workbench/api/node/extensionHostProcess.js:175:15257
	at Socket.S (/home/mpanaiotti/.vscode-server/bin/dc96b837cf6bb4af9cd736aa3af08cf8279f7685/out/vs/workbench/api/node/extensionHostProcess.js:175:13162)
	at Socket.emit (node:events:517:28)
	at addChunk (node:internal/streams/readable:335:12)
	at readableAddChunk (node:internal/streams/readable:308:9)
	at Readable.push (node:internal/streams/readable:245:10)
	at TCP.onStreamRead (node:internal/stream_base_commons:190:23) setContext undefined
2024-05-17 15:23:23.650 [info] Extension host with pid 284 exiting with code 0
